-- The C compiler identification is GNU 7.5.0
-- The CXX compiler identification is GNU 7.5.0
-- Detecting C compiler ABI info
-- Detecting C compiler ABI info - done
-- Check for working C compiler: /usr/bin/cc - skipped
-- Detecting C compile features
-- Detecting C compile features - done
-- Detecting CXX compiler ABI info
-- Detecting CXX compiler ABI info - done
-- Check for working CXX compiler: /usr/bin/c++ - skipped
-- Detecting CXX compile features
-- Detecting CXX compile features - done
-- Found ament_cmake: 1.3.5 (/opt/ros/humble/install/share/ament_cmake/cmake)
-- Found Python3: /usr/bin/python3.6 (found version "3.6.9") found components: Interpreter 
-- Found rclcpp: 16.0.5 (/opt/ros/humble/install/share/rclcpp/cmake)
-- Found rosidl_generator_c: 3.1.5 (/opt/ros/humble/install/share/rosidl_generator_c/cmake)
-- Found rosidl_adapter: 3.1.5 (/opt/ros/humble/install/share/rosidl_adapter/cmake)
-- Found rosidl_generator_cpp: 3.1.5 (/opt/ros/humble/install/share/rosidl_generator_cpp/cmake)
-- Using all available rosidl_typesupport_c: rosidl_typesupport_fastrtps_c;rosidl_typesupport_introspection_c
-- Using all available rosidl_typesupport_cpp: rosidl_typesupport_fastrtps_cpp;rosidl_typesupport_introspection_cpp
-- Found rmw_implementation_cmake: 6.1.1 (/opt/ros/humble/install/share/rmw_implementation_cmake/cmake)
-- Found rmw_cyclonedds_cpp: 1.3.4 (/opt/ros/humble/install/share/rmw_cyclonedds_cpp/cmake)
-- Using RMW implementation 'rmw_cyclonedds_cpp' as default
-- Performing Test CMAKE_HAVE_LIBC_PTHREAD
-- Performing Test CMAKE_HAVE_LIBC_PTHREAD - Failed
-- Looking for pthread_create in pthreads
-- Looking for pthread_create in pthreads - not found
-- Looking for pthread_create in pthread
-- Looking for pthread_create in pthread - found
-- Found Threads: TRUE  
-- Found pcl_conversions: 2.4.0 (/opt/ros/humble/install/share/pcl_conversions/cmake)
-- Found rclpy: 3.3.9 (/opt/ros/humble/install/share/rclpy/cmake)
-- Found CURL: /usr/lib/aarch64-linux-gnu/libcurl.so (found version "7.58.0")  
-- Found ament_lint_auto: 0.12.7 (/opt/ros/humble/install/share/ament_lint_auto/cmake)
-- Added test 'cppcheck' to perform static code analysis on C / C++ code
-- Configured cppcheck include dirs: 
-- Configured cppcheck exclude dirs and/or files: 
-- Added test 'flake8' to check Python code syntax and style conventions
-- Added test 'lint_cmake' to check CMake code style
-- Added test 'pep257' to check Python code against some of the docstring style conventions in PEP 257
-- Added test 'uncrustify' to check C / C++ code style
-- Configured uncrustify additional arguments: 
-- Added test 'xmllint' to check XML markup files
-- Configuring done (13.1s)
-- Generating done (0.0s)
-- Build files have been written to: /root/main_controller/src/build/lakibeam1
[ 66%] [32mBuilding CXX object CMakeFiles/lakibeam1_scan_node.dir/src/lakibeam1_scan.cpp.o[0m
[ 66%] [32mBuilding CXX object CMakeFiles/lakibeam1_scan_node.dir/src/remote.cpp.o[0m
[01m[K/root/main_controller/src/Lakibeam_ROS2_Driver/src/remote.cpp:[m[K In function ‘[01m[Ksize_t dummy_callback(void*, size_t, size_t, void*)[m[K’:
[01m[K/root/main_controller/src/Lakibeam_ROS2_Driver/src/remote.cpp:16:36:[m[K [01;35m[Kwarning: [m[Kunused parameter ‘[01m[Kbuffer[m[K’ [[01;35m[K-Wunused-parameter[m[K]
 static size_t dummy_callback(void *[01;35m[Kbuffer[m[K, size_t size, size_t nmemb, void *userp)
                                    [01;35m[K^~~~~~[m[K
[01m[K/root/main_controller/src/Lakibeam_ROS2_Driver/src/remote.cpp:16:77:[m[K [01;35m[Kwarning: [m[Kunused parameter ‘[01m[Kuserp[m[K’ [[01;35m[K-Wunused-parameter[m[K]
 static size_t dummy_callback(void *buffer, size_t size, size_t nmemb, void *[01;35m[Kuserp[m[K)
                                                                             [01;35m[K^~~~~[m[K
[100%] [32m[1mLinking CXX executable lakibeam1_scan_node[0m
[100%] Built target lakibeam1_scan_node
-- Install configuration: ""
-- Installing: /root/main_controller/src/install/lakibeam1/share/ament_index/resource_index/package_run_dependencies/lakibeam1
-- Installing: /root/main_controller/src/install/lakibeam1/share/ament_index/resource_index/parent_prefix_path/lakibeam1
-- Installing: /root/main_controller/src/install/lakibeam1/share/lakibeam1/environment/ament_prefix_path.sh
-- Installing: /root/main_controller/src/install/lakibeam1/share/lakibeam1/environment/ament_prefix_path.dsv
-- Installing: /root/main_controller/src/install/lakibeam1/share/lakibeam1/environment/path.sh
-- Installing: /root/main_controller/src/install/lakibeam1/share/lakibeam1/environment/path.dsv
-- Installing: /root/main_controller/src/install/lakibeam1/share/lakibeam1/local_setup.bash
-- Installing: /root/main_controller/src/install/lakibeam1/share/lakibeam1/local_setup.sh
-- Installing: /root/main_controller/src/install/lakibeam1/share/lakibeam1/local_setup.zsh
-- Installing: /root/main_controller/src/install/lakibeam1/share/lakibeam1/local_setup.dsv
-- Installing: /root/main_controller/src/install/lakibeam1/share/lakibeam1/package.dsv
-- Installing: /root/main_controller/src/install/lakibeam1/share/ament_index/resource_index/packages/lakibeam1
-- Installing: /root/main_controller/src/install/lakibeam1/share/lakibeam1/cmake/lakibeam1Config.cmake
-- Installing: /root/main_controller/src/install/lakibeam1/share/lakibeam1/cmake/lakibeam1Config-version.cmake
-- Installing: /root/main_controller/src/install/lakibeam1/share/lakibeam1/package.xml
-- Installing: /root/main_controller/src/install/lakibeam1/lib/lakibeam1/lakibeam1_scan_node
-- Set runtime path of "/root/main_controller/src/install/lakibeam1/lib/lakibeam1/lakibeam1_scan_node" to ""
-- Installing: /root/main_controller/src/install/lakibeam1/share/lakibeam1/launch
-- Installing: /root/main_controller/src/install/lakibeam1/share/lakibeam1/launch/lakibeam1_scan.launch.py
-- Installing: /root/main_controller/src/install/lakibeam1/share/lakibeam1/launch/lakibeam1_scan_dual_lidar_view.launch.py
-- Installing: /root/main_controller/src/install/lakibeam1/share/lakibeam1/launch/lakibeam1_scan_view.launch.py
-- Installing: /root/main_controller/src/install/lakibeam1/share/lakibeam1/launch/lakibeam1_scan_dual_lidar.launch.py
-- Installing: /root/main_controller/src/install/lakibeam1/share/lakibeam1/rviz
-- Installing: /root/main_controller/src/install/lakibeam1/share/lakibeam1/rviz/rviz_scan.rviz
-- Installing: /root/main_controller/src/install/lakibeam1/share/lakibeam1/rviz/lakibeam1_scan_dual.rviz
-- Installing: /root/main_controller/src/install/lakibeam1/share/lakibeam1/rviz/lakibeam1_scan.rviz
