[2.565s] DEBUG:colcon:Command line arguments: ['/usr/bin/colcon', 'build']
[2.566s] DEBUG:colcon:Parsed command line arguments: Namespace(ament_cmake_args=None, base_paths=['.'], build_base='build', catkin_cmake_args=None, catkin_skip_building_tests=False, cmake_args=None, cmake_clean_cache=False, cmake_clean_first=False, cmake_force_configure=False, cmake_target=None, cmake_target_skip_unavailable=False, continue_on_error=False, event_handlers=None, executor='parallel', ignore_user_meta=False, install_base='install', log_base=None, log_level=None, main=<bound method BuildVerb.main of <colcon_core.verb.build.BuildVerb object at 0x7f9ddfbba8>>, merge_install=False, metas=['./colcon.meta'], packages_above=None, packages_above_and_dependencies=None, packages_above_depth=None, packages_end=None, packages_ignore=None, packages_ignore_regex=None, packages_select=None, packages_select_build_failed=False, packages_select_by_dep=None, packages_select_regex=None, packages_select_test_failures=False, packages_skip=None, packages_skip_build_finished=False, packages_skip_by_dep=None, packages_skip_regex=None, packages_skip_test_passed=False, packages_skip_up_to=None, packages_start=None, packages_up_to=None, packages_up_to_regex=None, parallel_workers=4, paths=None, symlink_install=False, test_result_base=None, verb_extension=<colcon_core.verb.build.BuildVerb object at 0x7f9ddfbba8>, verb_name='build', verb_parser=<colcon_defaults.argument_parser.defaults.DefaultArgumentsDecorator object at 0x7f9dcea6d8>)
[2.729s] Level 1:colcon.colcon_core.package_discovery:discover_packages(colcon_meta) check parameters
[2.730s] Level 1:colcon.colcon_core.package_discovery:discover_packages(recursive) check parameters
[2.730s] Level 1:colcon.colcon_core.package_discovery:discover_packages(ignore) check parameters
[2.730s] Level 1:colcon.colcon_core.package_discovery:discover_packages(path) check parameters
[2.730s] Level 1:colcon.colcon_core.package_discovery:discover_packages(colcon_meta) discover
[2.732s] Level 1:colcon.colcon_core.package_discovery:discover_packages(recursive) discover
[2.732s] INFO:colcon.colcon_core.package_discovery:Crawling recursively for packages in '/root/main_controller/src'
[2.733s] Level 1:colcon.colcon_core.package_identification:_identify(.) by extensions ['ignore', 'ignore_ament_install']
[2.733s] Level 1:colcon.colcon_core.package_identification:_identify(.) by extension 'ignore'
[2.733s] Level 1:colcon.colcon_core.package_identification:_identify(.) by extension 'ignore_ament_install'
[2.734s] Level 1:colcon.colcon_core.package_identification:_identify(.) by extensions ['colcon_pkg']
[2.734s] Level 1:colcon.colcon_core.package_identification:_identify(.) by extension 'colcon_pkg'
[2.734s] Level 1:colcon.colcon_core.package_identification:_identify(.) by extensions ['colcon_meta']
[2.734s] Level 1:colcon.colcon_core.package_identification:_identify(.) by extension 'colcon_meta'
[2.735s] Level 1:colcon.colcon_core.package_identification:_identify(.) by extensions ['ros']
[2.735s] Level 1:colcon.colcon_core.package_identification:_identify(.) by extension 'ros'
[2.979s] Level 1:colcon.colcon_core.package_identification:_identify(.) by extensions ['cmake', 'python']
[2.980s] Level 1:colcon.colcon_core.package_identification:_identify(.) by extension 'cmake'
[2.980s] Level 1:colcon.colcon_core.package_identification:_identify(.) by extension 'python'
[2.980s] Level 1:colcon.colcon_core.package_identification:_identify(.) by extensions ['python_setup_py']
[2.980s] Level 1:colcon.colcon_core.package_identification:_identify(.) by extension 'python_setup_py'
[2.981s] Level 1:colcon.colcon_core.package_identification:_identify(Lakibeam_ROS2_Driver) by extensions ['ignore', 'ignore_ament_install']
[2.982s] Level 1:colcon.colcon_core.package_identification:_identify(Lakibeam_ROS2_Driver) by extension 'ignore'
[2.982s] Level 1:colcon.colcon_core.package_identification:_identify(Lakibeam_ROS2_Driver) by extension 'ignore_ament_install'
[2.982s] Level 1:colcon.colcon_core.package_identification:_identify(Lakibeam_ROS2_Driver) by extensions ['colcon_pkg']
[2.982s] Level 1:colcon.colcon_core.package_identification:_identify(Lakibeam_ROS2_Driver) by extension 'colcon_pkg'
[2.983s] Level 1:colcon.colcon_core.package_identification:_identify(Lakibeam_ROS2_Driver) by extensions ['colcon_meta']
[2.983s] Level 1:colcon.colcon_core.package_identification:_identify(Lakibeam_ROS2_Driver) by extension 'colcon_meta'
[2.983s] Level 1:colcon.colcon_core.package_identification:_identify(Lakibeam_ROS2_Driver) by extensions ['ros']
[2.983s] Level 1:colcon.colcon_core.package_identification:_identify(Lakibeam_ROS2_Driver) by extension 'ros'
[3.004s] DEBUG:colcon.colcon_core.package_identification:Package 'Lakibeam_ROS2_Driver' with type 'ros.ament_cmake' and name 'lakibeam1'
[3.005s] Level 1:colcon.colcon_core.package_identification:_identify(build) by extensions ['ignore', 'ignore_ament_install']
[3.005s] Level 1:colcon.colcon_core.package_identification:_identify(build) by extension 'ignore'
[3.006s] Level 1:colcon.colcon_core.package_identification:_identify(build) ignored
[3.008s] Level 1:colcon.colcon_core.package_identification:_identify(install) by extensions ['ignore', 'ignore_ament_install']
[3.008s] Level 1:colcon.colcon_core.package_identification:_identify(install) by extension 'ignore'
[3.008s] Level 1:colcon.colcon_core.package_identification:_identify(install) ignored
[3.009s] Level 1:colcon.colcon_core.package_identification:_identify(log) by extensions ['ignore', 'ignore_ament_install']
[3.009s] Level 1:colcon.colcon_core.package_identification:_identify(log) by extension 'ignore'
[3.009s] Level 1:colcon.colcon_core.package_identification:_identify(log) ignored
[3.010s] Level 1:colcon.colcon_core.package_discovery:discover_packages(recursive) using defaults
[3.011s] Level 1:colcon.colcon_core.package_discovery:discover_packages(ignore) discover
[3.011s] Level 1:colcon.colcon_core.package_discovery:discover_packages(ignore) using defaults
[3.011s] Level 1:colcon.colcon_core.package_discovery:discover_packages(path) discover
[3.011s] Level 1:colcon.colcon_core.package_discovery:discover_packages(path) using defaults
[3.139s] Level 5:colcon.colcon_core.verb:set package 'lakibeam1' build argument 'cmake_args' from command line to 'None'
[3.139s] Level 5:colcon.colcon_core.verb:set package 'lakibeam1' build argument 'cmake_target' from command line to 'None'
[3.139s] Level 5:colcon.colcon_core.verb:set package 'lakibeam1' build argument 'cmake_target_skip_unavailable' from command line to 'False'
[3.139s] Level 5:colcon.colcon_core.verb:set package 'lakibeam1' build argument 'cmake_clean_cache' from command line to 'False'
[3.140s] Level 5:colcon.colcon_core.verb:set package 'lakibeam1' build argument 'cmake_clean_first' from command line to 'False'
[3.140s] Level 5:colcon.colcon_core.verb:set package 'lakibeam1' build argument 'cmake_force_configure' from command line to 'False'
[3.140s] Level 5:colcon.colcon_core.verb:set package 'lakibeam1' build argument 'ament_cmake_args' from command line to 'None'
[3.140s] Level 5:colcon.colcon_core.verb:set package 'lakibeam1' build argument 'catkin_cmake_args' from command line to 'None'
[3.140s] Level 5:colcon.colcon_core.verb:set package 'lakibeam1' build argument 'catkin_skip_building_tests' from command line to 'False'
[3.140s] DEBUG:colcon.colcon_core.verb:Building package 'lakibeam1' with the following arguments: {'ament_cmake_args': None, 'build_base': '/root/main_controller/src/build/lakibeam1', 'catkin_cmake_args': None, 'catkin_skip_building_tests': False, 'cmake_args': None, 'cmake_clean_cache': False, 'cmake_clean_first': False, 'cmake_force_configure': False, 'cmake_target': None, 'cmake_target_skip_unavailable': False, 'install_base': '/root/main_controller/src/install/lakibeam1', 'merge_install': False, 'path': '/root/main_controller/src/Lakibeam_ROS2_Driver', 'symlink_install': False, 'test_result_base': None}
[3.142s] INFO:colcon.colcon_core.executor:Executing jobs using 'parallel' executor
[3.148s] DEBUG:colcon.colcon_parallel_executor.executor.parallel:run_until_complete
[3.150s] INFO:colcon.colcon_ros.task.ament_cmake.build:Building ROS package in '/root/main_controller/src/Lakibeam_ROS2_Driver' with build type 'ament_cmake'
[3.152s] INFO:colcon.colcon_cmake.task.cmake.build:Building CMake package in '/root/main_controller/src/Lakibeam_ROS2_Driver'
[3.169s] INFO:colcon.colcon_core.plugin_system:Skipping extension 'colcon_core.shell.bat': Not used on non-Windows systems
[3.170s] INFO:colcon.colcon_core.shell:Skip shell extension 'powershell' for command environment: Not usable outside of PowerShell
[3.171s] DEBUG:colcon.colcon_core.shell:Skip shell extension 'dsv' for command environment
[3.283s] DEBUG:colcon.colcon_core.event_handler.log_command:Invoking command in '/root/main_controller/src/build/lakibeam1': /usr/local/bin/cmake /root/main_controller/src/Lakibeam_ROS2_Driver -DCMAKE_INSTALL_PREFIX=/root/main_controller/src/install/lakibeam1
[16.802s] DEBUG:colcon.colcon_core.event_handler.log_command:Invoked command in '/root/main_controller/src/build/lakibeam1' returned '0': /usr/local/bin/cmake /root/main_controller/src/Lakibeam_ROS2_Driver -DCMAKE_INSTALL_PREFIX=/root/main_controller/src/install/lakibeam1
[16.805s] DEBUG:colcon.colcon_core.event_handler.log_command:Invoking command in '/root/main_controller/src/build/lakibeam1': /usr/local/bin/cmake --build /root/main_controller/src/build/lakibeam1 -- -j4 -l4
[40.711s] DEBUG:colcon.colcon_core.event_handler.log_command:Invoked command in '/root/main_controller/src/build/lakibeam1' returned '0': /usr/local/bin/cmake --build /root/main_controller/src/build/lakibeam1 -- -j4 -l4
[41.127s] DEBUG:colcon.colcon_core.event_handler.log_command:Invoking command in '/root/main_controller/src/build/lakibeam1': /usr/local/bin/cmake --install /root/main_controller/src/build/lakibeam1
[41.325s] Level 1:colcon.colcon_core.environment:create_environment_scripts_only(lakibeam1)
[41.327s] DEBUG:colcon.colcon_core.event_handler.log_command:Invoked command in '/root/main_controller/src/build/lakibeam1' returned '0': /usr/local/bin/cmake --install /root/main_controller/src/build/lakibeam1
[41.349s] Level 1:colcon.colcon_core.environment:checking '/root/main_controller/src/install/lakibeam1' for CMake module files
[41.353s] Level 1:colcon.colcon_core.environment:checking '/root/main_controller/src/install/lakibeam1' for CMake config files
[41.355s] Level 1:colcon.colcon_core.shell:create_environment_hook('lakibeam1', 'cmake_prefix_path')
[41.357s] INFO:colcon.colcon_core.shell:Creating environment hook '/root/main_controller/src/install/lakibeam1/share/lakibeam1/hook/cmake_prefix_path.ps1'
[41.362s] INFO:colcon.colcon_core.shell:Creating environment descriptor '/root/main_controller/src/install/lakibeam1/share/lakibeam1/hook/cmake_prefix_path.dsv'
[41.365s] INFO:colcon.colcon_core.shell:Creating environment hook '/root/main_controller/src/install/lakibeam1/share/lakibeam1/hook/cmake_prefix_path.sh'
[41.372s] Level 1:colcon.colcon_core.environment:checking '/root/main_controller/src/install/lakibeam1/lib'
[41.372s] Level 1:colcon.colcon_core.environment:checking '/root/main_controller/src/install/lakibeam1/bin'
[41.373s] Level 1:colcon.colcon_core.environment:checking '/root/main_controller/src/install/lakibeam1/lib/pkgconfig/lakibeam1.pc'
[41.374s] Level 1:colcon.colcon_core.environment:checking '/root/main_controller/src/install/lakibeam1/lib/python3.6/site-packages'
[41.375s] Level 1:colcon.colcon_core.environment:checking '/root/main_controller/src/install/lakibeam1/bin'
[41.377s] INFO:colcon.colcon_core.shell:Creating package script '/root/main_controller/src/install/lakibeam1/share/lakibeam1/package.ps1'
[41.382s] INFO:colcon.colcon_core.shell:Creating package descriptor '/root/main_controller/src/install/lakibeam1/share/lakibeam1/package.dsv'
[41.386s] INFO:colcon.colcon_core.shell:Creating package script '/root/main_controller/src/install/lakibeam1/share/lakibeam1/package.sh'
[41.393s] INFO:colcon.colcon_core.shell:Creating package script '/root/main_controller/src/install/lakibeam1/share/lakibeam1/package.bash'
[41.398s] INFO:colcon.colcon_core.shell:Creating package script '/root/main_controller/src/install/lakibeam1/share/lakibeam1/package.zsh'
[41.404s] Level 1:colcon.colcon_core.environment:create_file_with_runtime_dependencies(/root/main_controller/src/install/lakibeam1/share/colcon-core/packages/lakibeam1)
[41.625s] Level 1:colcon.colcon_core.environment:create_environment_scripts_only(lakibeam1)
[41.628s] Level 1:colcon.colcon_core.environment:checking '/root/main_controller/src/install/lakibeam1' for CMake module files
[41.631s] Level 1:colcon.colcon_core.environment:checking '/root/main_controller/src/install/lakibeam1' for CMake config files
[41.633s] Level 1:colcon.colcon_core.shell:create_environment_hook('lakibeam1', 'cmake_prefix_path')
[41.635s] INFO:colcon.colcon_core.shell:Creating environment hook '/root/main_controller/src/install/lakibeam1/share/lakibeam1/hook/cmake_prefix_path.ps1'
[41.637s] INFO:colcon.colcon_core.shell:Creating environment descriptor '/root/main_controller/src/install/lakibeam1/share/lakibeam1/hook/cmake_prefix_path.dsv'
[41.638s] INFO:colcon.colcon_core.shell:Creating environment hook '/root/main_controller/src/install/lakibeam1/share/lakibeam1/hook/cmake_prefix_path.sh'
[41.642s] Level 1:colcon.colcon_core.environment:checking '/root/main_controller/src/install/lakibeam1/lib'
[41.643s] Level 1:colcon.colcon_core.environment:checking '/root/main_controller/src/install/lakibeam1/bin'
[41.643s] Level 1:colcon.colcon_core.environment:checking '/root/main_controller/src/install/lakibeam1/lib/pkgconfig/lakibeam1.pc'
[41.644s] Level 1:colcon.colcon_core.environment:checking '/root/main_controller/src/install/lakibeam1/lib/python3.6/site-packages'
[41.644s] Level 1:colcon.colcon_core.environment:checking '/root/main_controller/src/install/lakibeam1/bin'
[41.647s] INFO:colcon.colcon_core.shell:Creating package script '/root/main_controller/src/install/lakibeam1/share/lakibeam1/package.ps1'
[41.649s] INFO:colcon.colcon_core.shell:Creating package descriptor '/root/main_controller/src/install/lakibeam1/share/lakibeam1/package.dsv'
[41.651s] INFO:colcon.colcon_core.shell:Creating package script '/root/main_controller/src/install/lakibeam1/share/lakibeam1/package.sh'
[41.653s] INFO:colcon.colcon_core.shell:Creating package script '/root/main_controller/src/install/lakibeam1/share/lakibeam1/package.bash'
[41.655s] INFO:colcon.colcon_core.shell:Creating package script '/root/main_controller/src/install/lakibeam1/share/lakibeam1/package.zsh'
[41.656s] Level 1:colcon.colcon_core.environment:create_file_with_runtime_dependencies(/root/main_controller/src/install/lakibeam1/share/colcon-core/packages/lakibeam1)
[41.658s] DEBUG:colcon.colcon_parallel_executor.executor.parallel:closing loop
[41.661s] DEBUG:colcon.colcon_parallel_executor.executor.parallel:loop closed
[41.662s] DEBUG:colcon.colcon_parallel_executor.executor.parallel:run_until_complete finished with '0'
[41.662s] DEBUG:colcon.colcon_core.event_reactor:joining thread
[41.710s] INFO:colcon.colcon_core.plugin_system:Skipping extension 'colcon_notification.desktop_notification.notify_send': Could not find 'notify-send'
[41.711s] INFO:colcon.colcon_core.plugin_system:Skipping extension 'colcon_notification.desktop_notification.terminal_notifier': Not used on non-Darwin systems
[41.711s] INFO:colcon.colcon_core.plugin_system:Skipping extension 'colcon_notification.desktop_notification.win32': Not used on non-Windows systems
[41.711s] INFO:colcon.colcon_notification.desktop_notification:Sending desktop notification using 'notify2'
[41.722s] DEBUG:colcon.colcon_notification.desktop_notification.notify2:Failed to initialize notify2: org.freedesktop.DBus.Error.Spawn.ExecFailed: /usr/bin/dbus-launch terminated abnormally without any error message
[41.723s] DEBUG:colcon.colcon_core.event_reactor:joined thread
[41.726s] INFO:colcon.colcon_core.shell:Creating prefix script '/root/main_controller/src/install/local_setup.ps1'
[41.734s] INFO:colcon.colcon_core.shell:Creating prefix util module '/root/main_controller/src/install/_local_setup_util_ps1.py'
[41.745s] INFO:colcon.colcon_core.shell:Creating prefix chain script '/root/main_controller/src/install/setup.ps1'
[41.752s] INFO:colcon.colcon_core.shell:Creating prefix script '/root/main_controller/src/install/local_setup.sh'
[41.755s] INFO:colcon.colcon_core.shell:Creating prefix util module '/root/main_controller/src/install/_local_setup_util_sh.py'
[41.757s] INFO:colcon.colcon_core.shell:Creating prefix chain script '/root/main_controller/src/install/setup.sh'
[41.764s] INFO:colcon.colcon_core.shell:Creating prefix script '/root/main_controller/src/install/local_setup.bash'
[41.767s] INFO:colcon.colcon_core.shell:Creating prefix chain script '/root/main_controller/src/install/setup.bash'
[41.774s] INFO:colcon.colcon_core.shell:Creating prefix script '/root/main_controller/src/install/local_setup.zsh'
[41.777s] INFO:colcon.colcon_core.shell:Creating prefix chain script '/root/main_controller/src/install/setup.zsh'
